Copyright 1986-2018 Xilinx, Inc. All Rights Reserved.
-----------------------------------------------------------------------------------------------------------------------------------------------
| Tool Version : Vivado v.2018.2 (win64) Build 2258646 Thu Jun 14 20:03:12 MDT 2018
| Date         : Fri Jul 26 00:38:20 2024
| Host         : Abo5aleed running 64-bit major release  (build 9200)
| Command      : report_methodology -file DSP_methodology_drc_routed.rpt -pb DSP_methodology_drc_routed.pb -rpx DSP_methodology_drc_routed.rpx
| Design       : DSP
| Device       : xc7a200tffg1156-3
| Speed File   : -3
| Design State : Routed
-----------------------------------------------------------------------------------------------------------------------------------------------

Report Methodology

Table of Contents
-----------------
1. REPORT SUMMARY
2. REPORT DETAILS

1. REPORT SUMMARY
-----------------
            Netlist: netlist
          Floorplan: design_1
      Design limits: <entire design considered>
             Max violations: <unlimited>
             Violations found: 172
+-----------+----------+-------------------------------------------------+------------+
| Rule      | Severity | Description                                     | Violations |
+-----------+----------+-------------------------------------------------+------------+
| LUTAR-1   | Warning  | LUT drives async reset alert                    | 4          |
| PDRC-190  | Warning  | Suboptimally placed synchronized register chain | 16         |
| TIMING-18 | Warning  | Missing input or output delay                   | 151        |
| TIMING-35 | Warning  | No common node in paths with the same clock     | 1          |
+-----------+----------+-------------------------------------------------+------------+

2. REPORT DETAILS
-----------------
LUTAR-1#1 Warning
LUT drives async reset alert  
LUT cell dbg_hub/inst/BSCANID.u_xsdbm_id/CORE_XSDB.UUT_MASTER/U_ICON_INTERFACE/U_CMD6_RD/U_RD_FIFO/SUBCORE_FIFO.xsdbm_v3_0_0_rdfifo_inst/inst_fifo_gen/gconvfifo.rf/grf.rf/rstblk/ngwrdrst.grst.g7serrst.gwrrd_rst_sync_stage[2].rrst_inst/ngwrdrst.grst.g7serrst.rd_rst_reg[2]_i_1, with 2 or more inputs, drives asynchronous preset/clear pin(s) dbg_hub/inst/BSCANID.u_xsdbm_id/CORE_XSDB.UUT_MASTER/U_ICON_INTERFACE/U_CMD6_RD/U_RD_FIFO/SUBCORE_FIFO.xsdbm_v3_0_0_rdfifo_inst/inst_fifo_gen/gconvfifo.rf/grf.rf/rstblk/ngwrdrst.grst.g7serrst.rd_rst_reg_reg[0]/PRE, dbg_hub/inst/BSCANID.u_xsdbm_id/CORE_XSDB.UUT_MASTER/U_ICON_INTERFACE/U_CMD6_RD/U_RD_FIFO/SUBCORE_FIFO.xsdbm_v3_0_0_rdfifo_inst/inst_fifo_gen/gconvfifo.rf/grf.rf/rstblk/ngwrdrst.grst.g7serrst.rd_rst_reg_reg[1]/PRE, dbg_hub/inst/BSCANID.u_xsdbm_id/CORE_XSDB.UUT_MASTER/U_ICON_INTERFACE/U_CMD6_RD/U_RD_FIFO/SUBCORE_FIFO.xsdbm_v3_0_0_rdfifo_inst/inst_fifo_gen/gconvfifo.rf/grf.rf/rstblk/ngwrdrst.grst.g7serrst.rd_rst_reg_reg[2]/PRE. The LUT may glitch and trigger an unexpected reset, even if it is a properly timed path.
Related violations: <none>

LUTAR-1#2 Warning
LUT drives async reset alert  
LUT cell dbg_hub/inst/BSCANID.u_xsdbm_id/CORE_XSDB.UUT_MASTER/U_ICON_INTERFACE/U_CMD6_RD/U_RD_FIFO/SUBCORE_FIFO.xsdbm_v3_0_0_rdfifo_inst/inst_fifo_gen/gconvfifo.rf/grf.rf/rstblk/ngwrdrst.grst.g7serrst.gwrrd_rst_sync_stage[2].wrst_inst/ngwrdrst.grst.g7serrst.wr_rst_reg[2]_i_1, with 2 or more inputs, drives asynchronous preset/clear pin(s) dbg_hub/inst/BSCANID.u_xsdbm_id/CORE_XSDB.UUT_MASTER/U_ICON_INTERFACE/U_CMD6_RD/U_RD_FIFO/SUBCORE_FIFO.xsdbm_v3_0_0_rdfifo_inst/inst_fifo_gen/gconvfifo.rf/grf.rf/rstblk/ngwrdrst.grst.g7serrst.wr_rst_reg_reg[0]/PRE, dbg_hub/inst/BSCANID.u_xsdbm_id/CORE_XSDB.UUT_MASTER/U_ICON_INTERFACE/U_CMD6_RD/U_RD_FIFO/SUBCORE_FIFO.xsdbm_v3_0_0_rdfifo_inst/inst_fifo_gen/gconvfifo.rf/grf.rf/rstblk/ngwrdrst.grst.g7serrst.wr_rst_reg_reg[1]/PRE, dbg_hub/inst/BSCANID.u_xsdbm_id/CORE_XSDB.UUT_MASTER/U_ICON_INTERFACE/U_CMD6_RD/U_RD_FIFO/SUBCORE_FIFO.xsdbm_v3_0_0_rdfifo_inst/inst_fifo_gen/gconvfifo.rf/grf.rf/rstblk/ngwrdrst.grst.g7serrst.wr_rst_reg_reg[2]/PRE. The LUT may glitch and trigger an unexpected reset, even if it is a properly timed path.
Related violations: <none>

LUTAR-1#3 Warning
LUT drives async reset alert  
LUT cell dbg_hub/inst/BSCANID.u_xsdbm_id/CORE_XSDB.UUT_MASTER/U_ICON_INTERFACE/U_CMD6_WR/U_WR_FIFO/SUBCORE_FIFO.xsdbm_v3_0_0_wrfifo_inst/inst_fifo_gen/gconvfifo.rf/grf.rf/rstblk/ngwrdrst.grst.g7serrst.gwrrd_rst_sync_stage[2].rrst_inst/ngwrdrst.grst.g7serrst.rd_rst_reg[2]_i_1, with 2 or more inputs, drives asynchronous preset/clear pin(s) dbg_hub/inst/BSCANID.u_xsdbm_id/CORE_XSDB.UUT_MASTER/U_ICON_INTERFACE/U_CMD6_WR/U_WR_FIFO/SUBCORE_FIFO.xsdbm_v3_0_0_wrfifo_inst/inst_fifo_gen/gconvfifo.rf/grf.rf/rstblk/ngwrdrst.grst.g7serrst.rd_rst_reg_reg[0]/PRE, dbg_hub/inst/BSCANID.u_xsdbm_id/CORE_XSDB.UUT_MASTER/U_ICON_INTERFACE/U_CMD6_WR/U_WR_FIFO/SUBCORE_FIFO.xsdbm_v3_0_0_wrfifo_inst/inst_fifo_gen/gconvfifo.rf/grf.rf/rstblk/ngwrdrst.grst.g7serrst.rd_rst_reg_reg[1]/PRE, dbg_hub/inst/BSCANID.u_xsdbm_id/CORE_XSDB.UUT_MASTER/U_ICON_INTERFACE/U_CMD6_WR/U_WR_FIFO/SUBCORE_FIFO.xsdbm_v3_0_0_wrfifo_inst/inst_fifo_gen/gconvfifo.rf/grf.rf/rstblk/ngwrdrst.grst.g7serrst.rd_rst_reg_reg[2]/PRE. The LUT may glitch and trigger an unexpected reset, even if it is a properly timed path.
Related violations: <none>

LUTAR-1#4 Warning
LUT drives async reset alert  
LUT cell dbg_hub/inst/BSCANID.u_xsdbm_id/CORE_XSDB.UUT_MASTER/U_ICON_INTERFACE/U_CMD6_WR/U_WR_FIFO/SUBCORE_FIFO.xsdbm_v3_0_0_wrfifo_inst/inst_fifo_gen/gconvfifo.rf/grf.rf/rstblk/ngwrdrst.grst.g7serrst.gwrrd_rst_sync_stage[2].wrst_inst/ngwrdrst.grst.g7serrst.wr_rst_reg[2]_i_1, with 2 or more inputs, drives asynchronous preset/clear pin(s) dbg_hub/inst/BSCANID.u_xsdbm_id/CORE_XSDB.UUT_MASTER/U_ICON_INTERFACE/U_CMD6_WR/U_WR_FIFO/SUBCORE_FIFO.xsdbm_v3_0_0_wrfifo_inst/inst_fifo_gen/gconvfifo.rf/grf.rf/rstblk/ngwrdrst.grst.g7serrst.wr_rst_reg_reg[0]/PRE, dbg_hub/inst/BSCANID.u_xsdbm_id/CORE_XSDB.UUT_MASTER/U_ICON_INTERFACE/U_CMD6_WR/U_WR_FIFO/SUBCORE_FIFO.xsdbm_v3_0_0_wrfifo_inst/inst_fifo_gen/gconvfifo.rf/grf.rf/rstblk/ngwrdrst.grst.g7serrst.wr_rst_reg_reg[1]/PRE, dbg_hub/inst/BSCANID.u_xsdbm_id/CORE_XSDB.UUT_MASTER/U_ICON_INTERFACE/U_CMD6_WR/U_WR_FIFO/SUBCORE_FIFO.xsdbm_v3_0_0_wrfifo_inst/inst_fifo_gen/gconvfifo.rf/grf.rf/rstblk/ngwrdrst.grst.g7serrst.wr_rst_reg_reg[2]/PRE. The LUT may glitch and trigger an unexpected reset, even if it is a properly timed path.
Related violations: <none>

PDRC-190#1 Warning
Suboptimally placed synchronized register chain  
The FDRE cell dbg_hub/inst/BSCANID.u_xsdbm_id/CORE_XSDB.UUT_MASTER/U_ICON_INTERFACE/U_CMD2/stat_reg_reg[0] in site SLICE_X109Y142 is part of a synchronized register chain that is suboptimally placed as the load FDRE cell dbg_hub/inst/BSCANID.u_xsdbm_id/CORE_XSDB.UUT_MASTER/U_ICON_INTERFACE/U_CMD2/stat_reg_1_reg[0] is not placed in the same (SLICE) site.
Related violations: <none>

PDRC-190#2 Warning
Suboptimally placed synchronized register chain  
The FDRE cell dbg_hub/inst/BSCANID.u_xsdbm_id/CORE_XSDB.UUT_MASTER/U_ICON_INTERFACE/U_CMD2/stat_reg_reg[1] in site SLICE_X108Y143 is part of a synchronized register chain that is suboptimally placed as the load FDRE cell dbg_hub/inst/BSCANID.u_xsdbm_id/CORE_XSDB.UUT_MASTER/U_ICON_INTERFACE/U_CMD2/stat_reg_1_reg[1] is not placed in the same (SLICE) site.
Related violations: <none>

PDRC-190#3 Warning
Suboptimally placed synchronized register chain  
The FDRE cell dbg_hub/inst/BSCANID.u_xsdbm_id/CORE_XSDB.UUT_MASTER/U_ICON_INTERFACE/U_CMD2/stat_reg_reg[2] in site SLICE_X108Y141 is part of a synchronized register chain that is suboptimally placed as the load FDRE cell dbg_hub/inst/BSCANID.u_xsdbm_id/CORE_XSDB.UUT_MASTER/U_ICON_INTERFACE/U_CMD2/stat_reg_1_reg[2] is not placed in the same (SLICE) site.
Related violations: <none>

PDRC-190#4 Warning
Suboptimally placed synchronized register chain  
The FDRE cell dbg_hub/inst/BSCANID.u_xsdbm_id/CORE_XSDB.UUT_MASTER/U_ICON_INTERFACE/U_CMD2/stat_reg_reg[3] in site SLICE_X110Y142 is part of a synchronized register chain that is suboptimally placed as the load FDRE cell dbg_hub/inst/BSCANID.u_xsdbm_id/CORE_XSDB.UUT_MASTER/U_ICON_INTERFACE/U_CMD2/stat_reg_1_reg[3] is not placed in the same (SLICE) site.
Related violations: <none>

PDRC-190#5 Warning
Suboptimally placed synchronized register chain  
The FDRE cell dbg_hub/inst/BSCANID.u_xsdbm_id/CORE_XSDB.UUT_MASTER/U_ICON_INTERFACE/U_CMD3/stat_reg_reg[0] in site SLICE_X112Y141 is part of a synchronized register chain that is suboptimally placed as the load FDRE cell dbg_hub/inst/BSCANID.u_xsdbm_id/CORE_XSDB.UUT_MASTER/U_ICON_INTERFACE/U_CMD3/stat_reg_1_reg[0] is not placed in the same (SLICE) site.
Related violations: <none>

PDRC-190#6 Warning
Suboptimally placed synchronized register chain  
The FDRE cell dbg_hub/inst/BSCANID.u_xsdbm_id/CORE_XSDB.UUT_MASTER/U_ICON_INTERFACE/U_CMD3/stat_reg_reg[1] in site SLICE_X111Y142 is part of a synchronized register chain that is suboptimally placed as the load FDRE cell dbg_hub/inst/BSCANID.u_xsdbm_id/CORE_XSDB.UUT_MASTER/U_ICON_INTERFACE/U_CMD3/stat_reg_1_reg[1] is not placed in the same (SLICE) site.
Related violations: <none>

PDRC-190#7 Warning
Suboptimally placed synchronized register chain  
The FDRE cell dbg_hub/inst/BSCANID.u_xsdbm_id/CORE_XSDB.UUT_MASTER/U_ICON_INTERFACE/U_CMD3/stat_reg_reg[2] in site SLICE_X112Y143 is part of a synchronized register chain that is suboptimally placed as the load FDRE cell dbg_hub/inst/BSCANID.u_xsdbm_id/CORE_XSDB.UUT_MASTER/U_ICON_INTERFACE/U_CMD3/stat_reg_1_reg[2] is not placed in the same (SLICE) site.
Related violations: <none>

PDRC-190#8 Warning
Suboptimally placed synchronized register chain  
The FDRE cell dbg_hub/inst/BSCANID.u_xsdbm_id/CORE_XSDB.UUT_MASTER/U_ICON_INTERFACE/U_CMD4/shift_reg_in_reg[12] in site SLICE_X107Y142 is part of a synchronized register chain that is suboptimally placed as the load FDRE cell dbg_hub/inst/BSCANID.u_xsdbm_id/CORE_XSDB.UUT_MASTER/U_ICON_INTERFACE/U_CMD4/shift_reg_in_reg[11] is not placed in the same (SLICE) site.
Related violations: <none>

PDRC-190#9 Warning
Suboptimally placed synchronized register chain  
The FDRE cell dbg_hub/inst/BSCANID.u_xsdbm_id/CORE_XSDB.UUT_MASTER/U_ICON_INTERFACE/U_CMD4/shift_reg_in_reg[20] in site SLICE_X107Y141 is part of a synchronized register chain that is suboptimally placed as the load FDRE cell dbg_hub/inst/BSCANID.u_xsdbm_id/CORE_XSDB.UUT_MASTER/U_ICON_INTERFACE/U_CMD4/shift_reg_in_reg[19] is not placed in the same (SLICE) site.
Related violations: <none>

PDRC-190#10 Warning
Suboptimally placed synchronized register chain  
The FDRE cell dbg_hub/inst/BSCANID.u_xsdbm_id/CORE_XSDB.UUT_MASTER/U_ICON_INTERFACE/U_CMD4/shift_reg_in_reg[4] in site SLICE_X107Y143 is part of a synchronized register chain that is suboptimally placed as the load FDRE cell dbg_hub/inst/BSCANID.u_xsdbm_id/CORE_XSDB.UUT_MASTER/U_ICON_INTERFACE/U_CMD4/shift_reg_in_reg[3] is not placed in the same (SLICE) site.
Related violations: <none>

PDRC-190#11 Warning
Suboptimally placed synchronized register chain  
The FDRE cell dbg_hub/inst/BSCANID.u_xsdbm_id/CORE_XSDB.UUT_MASTER/U_ICON_INTERFACE/U_CMD5/shift_reg_in_reg[10] in site SLICE_X109Y139 is part of a synchronized register chain that is suboptimally placed as the load FDRE cell dbg_hub/inst/BSCANID.u_xsdbm_id/CORE_XSDB.UUT_MASTER/U_ICON_INTERFACE/U_CMD5/shift_reg_in_reg[9] is not placed in the same (SLICE) site.
Related violations: <none>

PDRC-190#12 Warning
Suboptimally placed synchronized register chain  
The FDRE cell dbg_hub/inst/BSCANID.u_xsdbm_id/CORE_XSDB.UUT_MASTER/U_ICON_INTERFACE/U_CMD5/shift_reg_in_reg[2] in site SLICE_X109Y140 is part of a synchronized register chain that is suboptimally placed as the load FDRE cell dbg_hub/inst/BSCANID.u_xsdbm_id/CORE_XSDB.UUT_MASTER/U_ICON_INTERFACE/U_CMD5/shift_reg_in_reg[1] is not placed in the same (SLICE) site.
Related violations: <none>

PDRC-190#13 Warning
Suboptimally placed synchronized register chain  
The FDRE cell dbg_hub/inst/BSCANID.u_xsdbm_id/CORE_XSDB.UUT_MASTER/U_ICON_INTERFACE/U_CMD7_CTL/shift_reg_in_reg[0] in site SLICE_X115Y144 is part of a synchronized register chain that is suboptimally placed as the load FDRE cell dbg_hub/inst/BSCANID.u_xsdbm_id/CORE_XSDB.UUT_MASTER/U_ICON_INTERFACE/U_CMD7_STAT/stat_reg_reg[0] is not placed in the same (SLICE) site.
Related violations: <none>

PDRC-190#14 Warning
Suboptimally placed synchronized register chain  
The FDRE cell dbg_hub/inst/BSCANID.u_xsdbm_id/CORE_XSDB.UUT_MASTER/U_ICON_INTERFACE/U_CMD7_STAT/stat_reg_reg[0] in site SLICE_X115Y145 is part of a synchronized register chain that is suboptimally placed as the load FDRE cell dbg_hub/inst/BSCANID.u_xsdbm_id/CORE_XSDB.UUT_MASTER/U_ICON_INTERFACE/U_CMD7_STAT/stat_reg_1_reg[0] is not placed in the same (SLICE) site.
Related violations: <none>

PDRC-190#15 Warning
Suboptimally placed synchronized register chain  
The FDRE cell dbg_hub/inst/BSCANID.u_xsdbm_id/CORE_XSDB.UUT_MASTER/U_ICON_INTERFACE/U_CMD7_STAT/stat_reg_reg[1] in site SLICE_X117Y145 is part of a synchronized register chain that is suboptimally placed as the load FDRE cell dbg_hub/inst/BSCANID.u_xsdbm_id/CORE_XSDB.UUT_MASTER/U_ICON_INTERFACE/U_CMD7_STAT/stat_reg_1_reg[1] is not placed in the same (SLICE) site.
Related violations: <none>

PDRC-190#16 Warning
Suboptimally placed synchronized register chain  
The FDRE cell dbg_hub/inst/BSCANID.u_xsdbm_id/CORE_XSDB.UUT_MASTER/U_ICON_INTERFACE/U_CMD7_STAT/stat_reg_reg[2] in site SLICE_X116Y145 is part of a synchronized register chain that is suboptimally placed as the load FDRE cell dbg_hub/inst/BSCANID.u_xsdbm_id/CORE_XSDB.UUT_MASTER/U_ICON_INTERFACE/U_CMD7_STAT/stat_reg_1_reg[2] is not placed in the same (SLICE) site.
Related violations: <none>

TIMING-18#1 Warning
Missing input or output delay  
An input delay is missing on A[0] relative to clock(s) sys_clk_pin
Related violations: <none>

TIMING-18#2 Warning
Missing input or output delay  
An input delay is missing on A[10] relative to clock(s) sys_clk_pin
Related violations: <none>

TIMING-18#3 Warning
Missing input or output delay  
An input delay is missing on A[11] relative to clock(s) sys_clk_pin
Related violations: <none>

TIMING-18#4 Warning
Missing input or output delay  
An input delay is missing on A[12] relative to clock(s) sys_clk_pin
Related violations: <none>

TIMING-18#5 Warning
Missing input or output delay  
An input delay is missing on A[13] relative to clock(s) sys_clk_pin
Related violations: <none>

TIMING-18#6 Warning
Missing input or output delay  
An input delay is missing on A[14] relative to clock(s) sys_clk_pin
Related violations: <none>

TIMING-18#7 Warning
Missing input or output delay  
An input delay is missing on A[15] relative to clock(s) sys_clk_pin
Related violations: <none>

TIMING-18#8 Warning
Missing input or output delay  
An input delay is missing on A[16] relative to clock(s) sys_clk_pin
Related violations: <none>

TIMING-18#9 Warning
Missing input or output delay  
An input delay is missing on A[17] relative to clock(s) sys_clk_pin
Related violations: <none>

TIMING-18#10 Warning
Missing input or output delay  
An input delay is missing on A[1] relative to clock(s) sys_clk_pin
Related violations: <none>

TIMING-18#11 Warning
Missing input or output delay  
An input delay is missing on A[2] relative to clock(s) sys_clk_pin
Related violations: <none>

TIMING-18#12 Warning
Missing input or output delay  
An input delay is missing on A[3] relative to clock(s) sys_clk_pin
Related violations: <none>

TIMING-18#13 Warning
Missing input or output delay  
An input delay is missing on A[4] relative to clock(s) sys_clk_pin
Related violations: <none>

TIMING-18#14 Warning
Missing input or output delay  
An input delay is missing on A[5] relative to clock(s) sys_clk_pin
Related violations: <none>

TIMING-18#15 Warning
Missing input or output delay  
An input delay is missing on A[6] relative to clock(s) sys_clk_pin
Related violations: <none>

TIMING-18#16 Warning
Missing input or output delay  
An input delay is missing on A[7] relative to clock(s) sys_clk_pin
Related violations: <none>

TIMING-18#17 Warning
Missing input or output delay  
An input delay is missing on A[8] relative to clock(s) sys_clk_pin
Related violations: <none>

TIMING-18#18 Warning
Missing input or output delay  
An input delay is missing on A[9] relative to clock(s) sys_clk_pin
Related violations: <none>

TIMING-18#19 Warning
Missing input or output delay  
An input delay is missing on B[0] relative to clock(s) sys_clk_pin
Related violations: <none>

TIMING-18#20 Warning
Missing input or output delay  
An input delay is missing on B[10] relative to clock(s) sys_clk_pin
Related violations: <none>

TIMING-18#21 Warning
Missing input or output delay  
An input delay is missing on B[11] relative to clock(s) sys_clk_pin
Related violations: <none>

TIMING-18#22 Warning
Missing input or output delay  
An input delay is missing on B[12] relative to clock(s) sys_clk_pin
Related violations: <none>

TIMING-18#23 Warning
Missing input or output delay  
An input delay is missing on B[13] relative to clock(s) sys_clk_pin
Related violations: <none>

TIMING-18#24 Warning
Missing input or output delay  
An input delay is missing on B[14] relative to clock(s) sys_clk_pin
Related violations: <none>

TIMING-18#25 Warning
Missing input or output delay  
An input delay is missing on B[15] relative to clock(s) sys_clk_pin
Related violations: <none>

TIMING-18#26 Warning
Missing input or output delay  
An input delay is missing on B[16] relative to clock(s) sys_clk_pin
Related violations: <none>

TIMING-18#27 Warning
Missing input or output delay  
An input delay is missing on B[17] relative to clock(s) sys_clk_pin
Related violations: <none>

TIMING-18#28 Warning
Missing input or output delay  
An input delay is missing on B[1] relative to clock(s) sys_clk_pin
Related violations: <none>

TIMING-18#29 Warning
Missing input or output delay  
An input delay is missing on B[2] relative to clock(s) sys_clk_pin
Related violations: <none>

TIMING-18#30 Warning
Missing input or output delay  
An input delay is missing on B[3] relative to clock(s) sys_clk_pin
Related violations: <none>

TIMING-18#31 Warning
Missing input or output delay  
An input delay is missing on B[4] relative to clock(s) sys_clk_pin
Related violations: <none>

TIMING-18#32 Warning
Missing input or output delay  
An input delay is missing on B[5] relative to clock(s) sys_clk_pin
Related violations: <none>

TIMING-18#33 Warning
Missing input or output delay  
An input delay is missing on B[6] relative to clock(s) sys_clk_pin
Related violations: <none>

TIMING-18#34 Warning
Missing input or output delay  
An input delay is missing on B[7] relative to clock(s) sys_clk_pin
Related violations: <none>

TIMING-18#35 Warning
Missing input or output delay  
An input delay is missing on B[8] relative to clock(s) sys_clk_pin
Related violations: <none>

TIMING-18#36 Warning
Missing input or output delay  
An input delay is missing on B[9] relative to clock(s) sys_clk_pin
Related violations: <none>

TIMING-18#37 Warning
Missing input or output delay  
An input delay is missing on C[0] relative to clock(s) sys_clk_pin
Related violations: <none>

TIMING-18#38 Warning
Missing input or output delay  
An input delay is missing on C[10] relative to clock(s) sys_clk_pin
Related violations: <none>

TIMING-18#39 Warning
Missing input or output delay  
An input delay is missing on C[11] relative to clock(s) sys_clk_pin
Related violations: <none>

TIMING-18#40 Warning
Missing input or output delay  
An input delay is missing on C[12] relative to clock(s) sys_clk_pin
Related violations: <none>

TIMING-18#41 Warning
Missing input or output delay  
An input delay is missing on C[13] relative to clock(s) sys_clk_pin
Related violations: <none>

TIMING-18#42 Warning
Missing input or output delay  
An input delay is missing on C[14] relative to clock(s) sys_clk_pin
Related violations: <none>

TIMING-18#43 Warning
Missing input or output delay  
An input delay is missing on C[15] relative to clock(s) sys_clk_pin
Related violations: <none>

TIMING-18#44 Warning
Missing input or output delay  
An input delay is missing on C[16] relative to clock(s) sys_clk_pin
Related violations: <none>

TIMING-18#45 Warning
Missing input or output delay  
An input delay is missing on C[17] relative to clock(s) sys_clk_pin
Related violations: <none>

TIMING-18#46 Warning
Missing input or output delay  
An input delay is missing on C[18] relative to clock(s) sys_clk_pin
Related violations: <none>

TIMING-18#47 Warning
Missing input or output delay  
An input delay is missing on C[19] relative to clock(s) sys_clk_pin
Related violations: <none>

TIMING-18#48 Warning
Missing input or output delay  
An input delay is missing on C[1] relative to clock(s) sys_clk_pin
Related violations: <none>

TIMING-18#49 Warning
Missing input or output delay  
An input delay is missing on C[20] relative to clock(s) sys_clk_pin
Related violations: <none>

TIMING-18#50 Warning
Missing input or output delay  
An input delay is missing on C[21] relative to clock(s) sys_clk_pin
Related violations: <none>

TIMING-18#51 Warning
Missing input or output delay  
An input delay is missing on C[22] relative to clock(s) sys_clk_pin
Related violations: <none>

TIMING-18#52 Warning
Missing input or output delay  
An input delay is missing on C[23] relative to clock(s) sys_clk_pin
Related violations: <none>

TIMING-18#53 Warning
Missing input or output delay  
An input delay is missing on C[24] relative to clock(s) sys_clk_pin
Related violations: <none>

TIMING-18#54 Warning
Missing input or output delay  
An input delay is missing on C[25] relative to clock(s) sys_clk_pin
Related violations: <none>

TIMING-18#55 Warning
Missing input or output delay  
An input delay is missing on C[26] relative to clock(s) sys_clk_pin
Related violations: <none>

TIMING-18#56 Warning
Missing input or output delay  
An input delay is missing on C[27] relative to clock(s) sys_clk_pin
Related violations: <none>

TIMING-18#57 Warning
Missing input or output delay  
An input delay is missing on C[28] relative to clock(s) sys_clk_pin
Related violations: <none>

TIMING-18#58 Warning
Missing input or output delay  
An input delay is missing on C[29] relative to clock(s) sys_clk_pin
Related violations: <none>

TIMING-18#59 Warning
Missing input or output delay  
An input delay is missing on C[2] relative to clock(s) sys_clk_pin
Related violations: <none>

TIMING-18#60 Warning
Missing input or output delay  
An input delay is missing on C[30] relative to clock(s) sys_clk_pin
Related violations: <none>

TIMING-18#61 Warning
Missing input or output delay  
An input delay is missing on C[31] relative to clock(s) sys_clk_pin
Related violations: <none>

TIMING-18#62 Warning
Missing input or output delay  
An input delay is missing on C[32] relative to clock(s) sys_clk_pin
Related violations: <none>

TIMING-18#63 Warning
Missing input or output delay  
An input delay is missing on C[33] relative to clock(s) sys_clk_pin
Related violations: <none>

TIMING-18#64 Warning
Missing input or output delay  
An input delay is missing on C[34] relative to clock(s) sys_clk_pin
Related violations: <none>

TIMING-18#65 Warning
Missing input or output delay  
An input delay is missing on C[35] relative to clock(s) sys_clk_pin
Related violations: <none>

TIMING-18#66 Warning
Missing input or output delay  
An input delay is missing on C[36] relative to clock(s) sys_clk_pin
Related violations: <none>

TIMING-18#67 Warning
Missing input or output delay  
An input delay is missing on C[37] relative to clock(s) sys_clk_pin
Related violations: <none>

TIMING-18#68 Warning
Missing input or output delay  
An input delay is missing on C[38] relative to clock(s) sys_clk_pin
Related violations: <none>

TIMING-18#69 Warning
Missing input or output delay  
An input delay is missing on C[39] relative to clock(s) sys_clk_pin
Related violations: <none>

TIMING-18#70 Warning
Missing input or output delay  
An input delay is missing on C[3] relative to clock(s) sys_clk_pin
Related violations: <none>

TIMING-18#71 Warning
Missing input or output delay  
An input delay is missing on C[40] relative to clock(s) sys_clk_pin
Related violations: <none>

TIMING-18#72 Warning
Missing input or output delay  
An input delay is missing on C[41] relative to clock(s) sys_clk_pin
Related violations: <none>

TIMING-18#73 Warning
Missing input or output delay  
An input delay is missing on C[42] relative to clock(s) sys_clk_pin
Related violations: <none>

TIMING-18#74 Warning
Missing input or output delay  
An input delay is missing on C[43] relative to clock(s) sys_clk_pin
Related violations: <none>

TIMING-18#75 Warning
Missing input or output delay  
An input delay is missing on C[44] relative to clock(s) sys_clk_pin
Related violations: <none>

TIMING-18#76 Warning
Missing input or output delay  
An input delay is missing on C[45] relative to clock(s) sys_clk_pin
Related violations: <none>

TIMING-18#77 Warning
Missing input or output delay  
An input delay is missing on C[46] relative to clock(s) sys_clk_pin
Related violations: <none>

TIMING-18#78 Warning
Missing input or output delay  
An input delay is missing on C[47] relative to clock(s) sys_clk_pin
Related violations: <none>

TIMING-18#79 Warning
Missing input or output delay  
An input delay is missing on C[4] relative to clock(s) sys_clk_pin
Related violations: <none>

TIMING-18#80 Warning
Missing input or output delay  
An input delay is missing on C[5] relative to clock(s) sys_clk_pin
Related violations: <none>

TIMING-18#81 Warning
Missing input or output delay  
An input delay is missing on C[6] relative to clock(s) sys_clk_pin
Related violations: <none>

TIMING-18#82 Warning
Missing input or output delay  
An input delay is missing on C[7] relative to clock(s) sys_clk_pin
Related violations: <none>

TIMING-18#83 Warning
Missing input or output delay  
An input delay is missing on C[8] relative to clock(s) sys_clk_pin
Related violations: <none>

TIMING-18#84 Warning
Missing input or output delay  
An input delay is missing on C[9] relative to clock(s) sys_clk_pin
Related violations: <none>

TIMING-18#85 Warning
Missing input or output delay  
An input delay is missing on D[0] relative to clock(s) sys_clk_pin
Related violations: <none>

TIMING-18#86 Warning
Missing input or output delay  
An input delay is missing on D[10] relative to clock(s) sys_clk_pin
Related violations: <none>

TIMING-18#87 Warning
Missing input or output delay  
An input delay is missing on D[11] relative to clock(s) sys_clk_pin
Related violations: <none>

TIMING-18#88 Warning
Missing input or output delay  
An input delay is missing on D[12] relative to clock(s) sys_clk_pin
Related violations: <none>

TIMING-18#89 Warning
Missing input or output delay  
An input delay is missing on D[13] relative to clock(s) sys_clk_pin
Related violations: <none>

TIMING-18#90 Warning
Missing input or output delay  
An input delay is missing on D[14] relative to clock(s) sys_clk_pin
Related violations: <none>

TIMING-18#91 Warning
Missing input or output delay  
An input delay is missing on D[15] relative to clock(s) sys_clk_pin
Related violations: <none>

TIMING-18#92 Warning
Missing input or output delay  
An input delay is missing on D[16] relative to clock(s) sys_clk_pin
Related violations: <none>

TIMING-18#93 Warning
Missing input or output delay  
An input delay is missing on D[17] relative to clock(s) sys_clk_pin
Related violations: <none>

TIMING-18#94 Warning
Missing input or output delay  
An input delay is missing on D[1] relative to clock(s) sys_clk_pin
Related violations: <none>

TIMING-18#95 Warning
Missing input or output delay  
An input delay is missing on D[2] relative to clock(s) sys_clk_pin
Related violations: <none>

TIMING-18#96 Warning
Missing input or output delay  
An input delay is missing on D[3] relative to clock(s) sys_clk_pin
Related violations: <none>

TIMING-18#97 Warning
Missing input or output delay  
An input delay is missing on D[4] relative to clock(s) sys_clk_pin
Related violations: <none>

TIMING-18#98 Warning
Missing input or output delay  
An input delay is missing on D[5] relative to clock(s) sys_clk_pin
Related violations: <none>

TIMING-18#99 Warning
Missing input or output delay  
An input delay is missing on D[6] relative to clock(s) sys_clk_pin
Related violations: <none>

TIMING-18#100 Warning
Missing input or output delay  
An input delay is missing on D[7] relative to clock(s) sys_clk_pin
Related violations: <none>

TIMING-18#101 Warning
Missing input or output delay  
An input delay is missing on D[8] relative to clock(s) sys_clk_pin
Related violations: <none>

TIMING-18#102 Warning
Missing input or output delay  
An input delay is missing on D[9] relative to clock(s) sys_clk_pin
Related violations: <none>

TIMING-18#103 Warning
Missing input or output delay  
An input delay is missing on rst_n relative to clock(s) sys_clk_pin
Related violations: <none>

TIMING-18#104 Warning
Missing input or output delay  
An output delay is missing on P[0] relative to clock(s) sys_clk_pin
Related violations: <none>

TIMING-18#105 Warning
Missing input or output delay  
An output delay is missing on P[10] relative to clock(s) sys_clk_pin
Related violations: <none>

TIMING-18#106 Warning
Missing input or output delay  
An output delay is missing on P[11] relative to clock(s) sys_clk_pin
Related violations: <none>

TIMING-18#107 Warning
Missing input or output delay  
An output delay is missing on P[12] relative to clock(s) sys_clk_pin
Related violations: <none>

TIMING-18#108 Warning
Missing input or output delay  
An output delay is missing on P[13] relative to clock(s) sys_clk_pin
Related violations: <none>

TIMING-18#109 Warning
Missing input or output delay  
An output delay is missing on P[14] relative to clock(s) sys_clk_pin
Related violations: <none>

TIMING-18#110 Warning
Missing input or output delay  
An output delay is missing on P[15] relative to clock(s) sys_clk_pin
Related violations: <none>

TIMING-18#111 Warning
Missing input or output delay  
An output delay is missing on P[16] relative to clock(s) sys_clk_pin
Related violations: <none>

TIMING-18#112 Warning
Missing input or output delay  
An output delay is missing on P[17] relative to clock(s) sys_clk_pin
Related violations: <none>

TIMING-18#113 Warning
Missing input or output delay  
An output delay is missing on P[18] relative to clock(s) sys_clk_pin
Related violations: <none>

TIMING-18#114 Warning
Missing input or output delay  
An output delay is missing on P[19] relative to clock(s) sys_clk_pin
Related violations: <none>

TIMING-18#115 Warning
Missing input or output delay  
An output delay is missing on P[1] relative to clock(s) sys_clk_pin
Related violations: <none>

TIMING-18#116 Warning
Missing input or output delay  
An output delay is missing on P[20] relative to clock(s) sys_clk_pin
Related violations: <none>

TIMING-18#117 Warning
Missing input or output delay  
An output delay is missing on P[21] relative to clock(s) sys_clk_pin
Related violations: <none>

TIMING-18#118 Warning
Missing input or output delay  
An output delay is missing on P[22] relative to clock(s) sys_clk_pin
Related violations: <none>

TIMING-18#119 Warning
Missing input or output delay  
An output delay is missing on P[23] relative to clock(s) sys_clk_pin
Related violations: <none>

TIMING-18#120 Warning
Missing input or output delay  
An output delay is missing on P[24] relative to clock(s) sys_clk_pin
Related violations: <none>

TIMING-18#121 Warning
Missing input or output delay  
An output delay is missing on P[25] relative to clock(s) sys_clk_pin
Related violations: <none>

TIMING-18#122 Warning
Missing input or output delay  
An output delay is missing on P[26] relative to clock(s) sys_clk_pin
Related violations: <none>

TIMING-18#123 Warning
Missing input or output delay  
An output delay is missing on P[27] relative to clock(s) sys_clk_pin
Related violations: <none>

TIMING-18#124 Warning
Missing input or output delay  
An output delay is missing on P[28] relative to clock(s) sys_clk_pin
Related violations: <none>

TIMING-18#125 Warning
Missing input or output delay  
An output delay is missing on P[29] relative to clock(s) sys_clk_pin
Related violations: <none>

TIMING-18#126 Warning
Missing input or output delay  
An output delay is missing on P[2] relative to clock(s) sys_clk_pin
Related violations: <none>

TIMING-18#127 Warning
Missing input or output delay  
An output delay is missing on P[30] relative to clock(s) sys_clk_pin
Related violations: <none>

TIMING-18#128 Warning
Missing input or output delay  
An output delay is missing on P[31] relative to clock(s) sys_clk_pin
Related violations: <none>

TIMING-18#129 Warning
Missing input or output delay  
An output delay is missing on P[32] relative to clock(s) sys_clk_pin
Related violations: <none>

TIMING-18#130 Warning
Missing input or output delay  
An output delay is missing on P[33] relative to clock(s) sys_clk_pin
Related violations: <none>

TIMING-18#131 Warning
Missing input or output delay  
An output delay is missing on P[34] relative to clock(s) sys_clk_pin
Related violations: <none>

TIMING-18#132 Warning
Missing input or output delay  
An output delay is missing on P[35] relative to clock(s) sys_clk_pin
Related violations: <none>

TIMING-18#133 Warning
Missing input or output delay  
An output delay is missing on P[36] relative to clock(s) sys_clk_pin
Related violations: <none>

TIMING-18#134 Warning
Missing input or output delay  
An output delay is missing on P[37] relative to clock(s) sys_clk_pin
Related violations: <none>

TIMING-18#135 Warning
Missing input or output delay  
An output delay is missing on P[38] relative to clock(s) sys_clk_pin
Related violations: <none>

TIMING-18#136 Warning
Missing input or output delay  
An output delay is missing on P[39] relative to clock(s) sys_clk_pin
Related violations: <none>

TIMING-18#137 Warning
Missing input or output delay  
An output delay is missing on P[3] relative to clock(s) sys_clk_pin
Related violations: <none>

TIMING-18#138 Warning
Missing input or output delay  
An output delay is missing on P[40] relative to clock(s) sys_clk_pin
Related violations: <none>

TIMING-18#139 Warning
Missing input or output delay  
An output delay is missing on P[41] relative to clock(s) sys_clk_pin
Related violations: <none>

TIMING-18#140 Warning
Missing input or output delay  
An output delay is missing on P[42] relative to clock(s) sys_clk_pin
Related violations: <none>

TIMING-18#141 Warning
Missing input or output delay  
An output delay is missing on P[43] relative to clock(s) sys_clk_pin
Related violations: <none>

TIMING-18#142 Warning
Missing input or output delay  
An output delay is missing on P[44] relative to clock(s) sys_clk_pin
Related violations: <none>

TIMING-18#143 Warning
Missing input or output delay  
An output delay is missing on P[45] relative to clock(s) sys_clk_pin
Related violations: <none>

TIMING-18#144 Warning
Missing input or output delay  
An output delay is missing on P[46] relative to clock(s) sys_clk_pin
Related violations: <none>

TIMING-18#145 Warning
Missing input or output delay  
An output delay is missing on P[47] relative to clock(s) sys_clk_pin
Related violations: <none>

TIMING-18#146 Warning
Missing input or output delay  
An output delay is missing on P[4] relative to clock(s) sys_clk_pin
Related violations: <none>

TIMING-18#147 Warning
Missing input or output delay  
An output delay is missing on P[5] relative to clock(s) sys_clk_pin
Related violations: <none>

TIMING-18#148 Warning
Missing input or output delay  
An output delay is missing on P[6] relative to clock(s) sys_clk_pin
Related violations: <none>

TIMING-18#149 Warning
Missing input or output delay  
An output delay is missing on P[7] relative to clock(s) sys_clk_pin
Related violations: <none>

TIMING-18#150 Warning
Missing input or output delay  
An output delay is missing on P[8] relative to clock(s) sys_clk_pin
Related violations: <none>

TIMING-18#151 Warning
Missing input or output delay  
An output delay is missing on P[9] relative to clock(s) sys_clk_pin
Related violations: <none>

TIMING-35#1 Warning
No common node in paths with the same clock  
The clock sys_clk_pin has paths without a common node. First path found between clk and u_ila_0/inst/ila_core_inst/shifted_data_in_reg[7][91]_srl8/D. Please review clock constraints
Related violations: <none>


